---------------------------------------------
* TESTING CIPHER (ECB)
* BIT LENGTH: 128
---------------------------------------------
---------------------------------------------
EXPECTED:69C4E0D86A7B0430D8CDB78070B4C55A 69C4E0D86A7B0430D8CDB78070B4C55A
---------------------------------------------
 ACTUAL: 69C4E0D86A7B0430D8CDB78070B4C55A
 ACTUAL: 69C4E0D86A7B0430D8CDB78070B4C55A
---------------------------------------------
 
---------------------------------------------
* TESTING DECIPHER (ECB)
* BIT LENGTH: 128
---------------------------------------------
---------------------------------------------
EXPECTED: 00112233445566778899AABBCCDDEEFF
---------------------------------------------
 ACTUAL: 00112233445566778899AABBCCDDEEFF
 ACTUAL: 00112233445566778899AABBCCDDEEFF
---------------------------------------------
---------------------------------------------
* TESTING CIPHER (CBC)
* BIT LENGTH: 128
---------------------------------------------
---------------------------------------------
EXPECTED:76D0627DA1D290436E21A4AF7FCA94B7 32A06AF3E0DF74A359A0D1F48889E615
---------------------------------------------
 ACTUAL: 76D0627DA1D290436E21A4AF7FCA94B7
 ACTUAL: 32A06AF3E0DF74A359A0D1F48889E615
---------------------------------------------
 
---------------------------------------------
* TESTING DECIPHER (CBC)
* BIT LENGTH: 128
---------------------------------------------
---------------------------------------------
EXPECTED: 00112233445566778899AABBCCDDEEFF
---------------------------------------------
 ACTUAL: 00112233445566778899AABBCCDDEEFF
 ACTUAL: 00112233445566778899AABBCCDDEEFF
---------------------------------------------
---------------------------------------------
* TESTING CIPHER (CFB)
* BIT LENGTH: 128
---------------------------------------------
---------------------------------------------
EXPECTED:0A852986053B9632795A3EE30A8E04A5 CCEFB18FAB11BCA67C621A7B947C0F3C
---------------------------------------------
 ACTUAL: 0A852986053B9632795A3EE30A8E04A5
 ACTUAL: CCEFB18FAB11BCA67C621A7B947C0F3C
---------------------------------------------
 
---------------------------------------------
* TESTING DECIPHER (CFB)
* BIT LENGTH: 128
---------------------------------------------
---------------------------------------------
EXPECTED: 00112233445566778899AABBCCDDEEFF
---------------------------------------------
 ACTUAL: 00112233445566778899AABBCCDDEEFF
 ACTUAL: 00112233445566778899AABBCCDDEEFF
---------------------------------------------
---------------------------------------------
* TESTING CIPHER (OFB)
* BIT LENGTH: 128
---------------------------------------------
---------------------------------------------
EXPECTED:0A852986053B9632795A3EE30A8E04A5 AEF63C960582C83C63F9147795E2589C
---------------------------------------------
 ACTUAL: 0A852986053B9632795A3EE30A8E04A5
 ACTUAL: AEF63C960582C83C63F9147795E2589C
---------------------------------------------
 
---------------------------------------------
* TESTING DECIPHER (OFB)
* BIT LENGTH: 128
---------------------------------------------
---------------------------------------------
EXPECTED: 00112233445566778899AABBCCDDEEFF
---------------------------------------------
 ACTUAL: 00112233445566778899AABBCCDDEEFF
 ACTUAL: 00112233445566778899AABBCCDDEEFF
---------------------------------------------
---------------------------------------------
* TESTING CIPHER (CTR)
* BIT LENGTH: 128
---------------------------------------------
---------------------------------------------
EXPECTED:735731A6D195D269C1E21758A929C3F5 49C7A560DDCEC0FB6B10D0D3AC5C5E62
---------------------------------------------
 ACTUAL: 735731A6D195D269C1E21758A929C3F5
 ACTUAL: 49C7A560DDCEC0FB6B10D0D3AC5C5E62
---------------------------------------------
 
---------------------------------------------
* TESTING DECIPHER (CTR)
* BIT LENGTH: 128
---------------------------------------------
---------------------------------------------
EXPECTED: 00112233445566778899AABBCCDDEEFF
---------------------------------------------
 ACTUAL: 00112233445566778899AABBCCDDEEFF
 ACTUAL: 00112233445566778899AABBCCDDEEFF
---------------------------------------------
---------------------------------------------
* TESTING CIPHER (ECB)
* BIT LENGTH: 192
---------------------------------------------
---------------------------------------------
EXPECTED:DDA97CA4864CDFE06EAF70A0EC0D7191 DDA97CA4864CDFE06EAF70A0EC0D7191
---------------------------------------------
 ACTUAL: DDA97CA4864CDFE06EAF70A0EC0D7191
 ACTUAL: DDA97CA4864CDFE06EAF70A0EC0D7191
---------------------------------------------
 
---------------------------------------------
* TESTING DECIPHER (ECB)
* BIT LENGTH: 192
---------------------------------------------
---------------------------------------------
EXPECTED: 00112233445566778899AABBCCDDEEFF
---------------------------------------------
 ACTUAL: 00112233445566778899AABBCCDDEEFF
 ACTUAL: 00112233445566778899AABBCCDDEEFF
---------------------------------------------
---------------------------------------------
* TESTING CIPHER (CBC)
* BIT LENGTH: 192
---------------------------------------------
---------------------------------------------
EXPECTED:9CA47EFF6FD2880B742263496D1C3D3E B4A7657757AF7498049138B990DE9445
---------------------------------------------
 ACTUAL: 9CA47EFF6FD2880B742263496D1C3D3E
 ACTUAL: B4A7657757AF7498049138B990DE9445
---------------------------------------------
 
---------------------------------------------
* TESTING DECIPHER (CBC)
* BIT LENGTH: 192
---------------------------------------------
---------------------------------------------
EXPECTED: 00112233445566778899AABBCCDDEEFF
---------------------------------------------
 ACTUAL: 00112233445566778899AABBCCDDEEFF
 ACTUAL: 00112233445566778899AABBCCDDEEFF
---------------------------------------------
---------------------------------------------
* TESTING CIPHER (CFB)
* BIT LENGTH: 192
---------------------------------------------
---------------------------------------------
EXPECTED:00719DCD02D62DCF52C5531DD32FCE51 F0610E02E49F48F8EFA27D48906564B3
---------------------------------------------
 ACTUAL: 00719DCD02D62DCF52C5531DD32FCE51
 ACTUAL: F0610E02E49F48F8EFA27D48906564B3
---------------------------------------------
 
---------------------------------------------
* TESTING DECIPHER (CFB)
* BIT LENGTH: 192
---------------------------------------------
---------------------------------------------
EXPECTED: 00112233445566778899AABBCCDDEEFF
---------------------------------------------
 ACTUAL: 00112233445566778899AABBCCDDEEFF
 ACTUAL: 00112233445566778899AABBCCDDEEFF
---------------------------------------------
---------------------------------------------
* TESTING CIPHER (OFB)
* BIT LENGTH: 192
---------------------------------------------
---------------------------------------------
EXPECTED:00719DCD02D62DCF52C5531DD32FCE51 2E95E921E70C71C716BC0819F12C7123
---------------------------------------------
 ACTUAL: 00719DCD02D62DCF52C5531DD32FCE51
 ACTUAL: 2E95E921E70C71C716BC0819F12C7123
---------------------------------------------
 
---------------------------------------------
* TESTING DECIPHER (OFB)
* BIT LENGTH: 192
---------------------------------------------
---------------------------------------------
EXPECTED: 00112233445566778899AABBCCDDEEFF
---------------------------------------------
 ACTUAL: 00112233445566778899AABBCCDDEEFF
 ACTUAL: 00112233445566778899AABBCCDDEEFF
---------------------------------------------
---------------------------------------------
* TESTING CIPHER (CTR)
* BIT LENGTH: 192
---------------------------------------------
---------------------------------------------
EXPECTED:495F1A690F6AC9C09B734613C4BF89E8 DB1230B8F318425B0BDBE89D3B17CB39
---------------------------------------------
 ACTUAL: 495F1A690F6AC9C09B734613C4BF89E8
 ACTUAL: DB1230B8F318425B0BDBE89D3B17CB39
---------------------------------------------
 
---------------------------------------------
* TESTING DECIPHER (CTR)
* BIT LENGTH: 192
---------------------------------------------
---------------------------------------------
EXPECTED: 00112233445566778899AABBCCDDEEFF
---------------------------------------------
 ACTUAL: 00112233445566778899AABBCCDDEEFF
 ACTUAL: 00112233445566778899AABBCCDDEEFF
---------------------------------------------
---------------------------------------------
* TESTING CIPHER (ECB)
* BIT LENGTH: 256
---------------------------------------------
---------------------------------------------
EXPECTED:8EA2B7CA516745BFEAFC49904B496089 8EA2B7CA516745BFEAFC49904B496089
---------------------------------------------
 ACTUAL: 8EA2B7CA516745BFEAFC49904B496089
 ACTUAL: 8EA2B7CA516745BFEAFC49904B496089
---------------------------------------------
 
---------------------------------------------
* TESTING DECIPHER (ECB)
* BIT LENGTH: 256
---------------------------------------------
---------------------------------------------
EXPECTED: 00112233445566778899AABBCCDDEEFF
---------------------------------------------
 ACTUAL: 00112233445566778899AABBCCDDEEFF
 ACTUAL: 00112233445566778899AABBCCDDEEFF
---------------------------------------------
---------------------------------------------
* TESTING CIPHER (CBC)
* BIT LENGTH: 256
---------------------------------------------
---------------------------------------------
EXPECTED:78E16B06817A4453ABEF8A235FA9FA51 6AEA1E8929F1A7A7EEB3450822E766F8
---------------------------------------------
 ACTUAL: 78E16B06817A4453ABEF8A235FA9FA51
 ACTUAL: 6AEA1E8929F1A7A7EEB3450822E766F8
---------------------------------------------
 
---------------------------------------------
* TESTING DECIPHER (CBC)
* BIT LENGTH: 256
---------------------------------------------
---------------------------------------------
EXPECTED: 00112233445566778899AABBCCDDEEFF
---------------------------------------------
 ACTUAL: 00112233445566778899AABBCCDDEEFF
 ACTUAL: 00112233445566778899AABBCCDDEEFF
---------------------------------------------
---------------------------------------------
* TESTING CIPHER (CFB)
* BIT LENGTH: 256
---------------------------------------------
---------------------------------------------
EXPECTED:5A7F26644CAE17E178B7FF86CE1E486D 2E05F8BBE5166FBBD52A771A3D4FC393
---------------------------------------------
 ACTUAL: 5A7F26644CAE17E178B7FF86CE1E486D
 ACTUAL: 2E05F8BBE5166FBBD52A771A3D4FC393
---------------------------------------------
 
---------------------------------------------
* TESTING DECIPHER (CFB)
* BIT LENGTH: 256
---------------------------------------------
---------------------------------------------
EXPECTED: 00112233445566778899AABBCCDDEEFF
---------------------------------------------
 ACTUAL: 00112233445566778899AABBCCDDEEFF
 ACTUAL: 00112233445566778899AABBCCDDEEFF
---------------------------------------------
---------------------------------------------
* TESTING CIPHER (OFB)
* BIT LENGTH: 256
---------------------------------------------
---------------------------------------------
EXPECTED:5A7F26644CAE17E178B7FF86CE1E486D CDED0706755E931CA62E2019960099AE
---------------------------------------------
 ACTUAL: 5A7F26644CAE17E178B7FF86CE1E486D
 ACTUAL: CDED0706755E931CA62E2019960099AE
---------------------------------------------
 
---------------------------------------------
* TESTING DECIPHER (OFB)
* BIT LENGTH: 256
---------------------------------------------
---------------------------------------------
EXPECTED: 00112233445566778899AABBCCDDEEFF
---------------------------------------------
 ACTUAL: 00112233445566778899AABBCCDDEEFF
 ACTUAL: 00112233445566778899AABBCCDDEEFF
---------------------------------------------
---------------------------------------------
* TESTING CIPHER (CTR)
* BIT LENGTH: 256
---------------------------------------------
---------------------------------------------
EXPECTED:F04C549D0EECF9922E6F318A841FD8C2 0EAD97EDF179E5CA8031038ED4F17F66
---------------------------------------------
 ACTUAL: F04C549D0EECF9922E6F318A841FD8C2
 ACTUAL: 0EAD97EDF179E5CA8031038ED4F17F66
---------------------------------------------
 
---------------------------------------------
* TESTING DECIPHER (CTR)
* BIT LENGTH: 256
---------------------------------------------
---------------------------------------------
EXPECTED: 00112233445566778899AABBCCDDEEFF
---------------------------------------------
 ACTUAL: 00112233445566778899AABBCCDDEEFF
 ACTUAL: 00112233445566778899AABBCCDDEEFF
---------------------------------------------
